[     700ms] [LOG] [HMR] connected @ http://localhost:3456/_next/static/chunks/0z~i_next_dist_0jtfmts._.js:1226
[    3872ms] [ERROR] Failed to load resource: the server responded with a status of 500 (Internal Server Error) @ http://localhost:3456/calculator:0
[    3985ms] [INFO] %cDownload the React DevTools for a better development experience: https://react.dev/link/react-devtools font-weight:bold @ http://localhost:3456/_next/static/chunks/0p2h_react-dom_0vsf22y._.js:15305
[    4005ms] Error: ./app/globals.css:4365:17
Parsing CSS source code failed
  4363 |   }
  4364 |   .\[\&\:\:-webkit-\.\.\.\]\:appearance-none {
> 4365 |     &::-webkit-... {
       |                 ^
  4366 |       appearance: none;
  4367 |     }
  4368 |   }

Expected identifier in class selector, got Delim('.')

Generated code of PostCSS transform of file content of app/globals.css:
./app/globals.css:4365:17
  4363 |   }
  4364 |   .\[\&\:\:-webkit-\.\.\.\]\:appearance-none {
> 4365 |     &::-webkit-... {
       |                 ^
  4366 |       appearance: none;
  4367 |     }
  4368 |   }

Import trace:
  Client Component Browser:
    ./app/globals.css [Client Component Browser]
    ./app/layout.tsx [Server Component]


    at <unknown> (Error: ./app/globals.css:4365:17)
    at <unknown> (./app/globals.css:4365:17)
    at Object.getCompilationErrors (file:///home/kurtquejada/Documents/PageSentinel/landing_page/node_modules/.pnpm/next@16.2.6_@babel+core@7.29.0_react-dom@19.2.4_react@19.2.4__react@19.2.4/node_modules/next/dist/server/dev/hot-reloader-turbopack.js:1186:59)
    at DevBundlerService.getCompilationError (file:///home/kurtquejada/Documents/PageSentinel/landing_page/node_modules/.pnpm/next@16.2.6_@babel+core@7.29.0_react-dom@19.2.4_react@19.2.4__react@19.2.4/node_modules/next/dist/server/lib/dev-bundler-service.js:44:55)
    at DevServer.getCompilationError (file:///home/kurtquejada/Documents/PageSentinel/landing_page/node_modules/.pnpm/next@16.2.6_@babel+core@7.29.0_react-dom@19.2.4_react@19.2.4__react@19.2.4/node_modules/next/dist/server/dev/next-dev-server.js:720:42)
    at DevServer.findPageComponents (file:///home/kurtquejada/Documents/PageSentinel/landing_page/node_modules/.pnpm/next@16.2.6_@babel+core@7.29.0_react-dom@19.2.4_react@19.2.4__react@19.2.4/node_modules/next/dist/server/dev/next-dev-server.js:690:43)
    at async DevServer.renderErrorToResponseImpl (file:///home/kurtquejada/Documents/PageSentinel/landing_page/node_modules/.pnpm/next@16.2.6_@babel+core@7.29.0_react-dom@19.2.4_react@19.2.4__react@19.2.4/node_modules/next/dist/server/base-server.js:1753:26)
[    4002ms] [LOG] [HMR] connected @ http://localhost:3456/_next/static/chunks/0z~i_next_dist_0jtfmts._.js:1226
[    4006ms] [ERROR] ./app/globals.css:4365:17
Parsing CSS source code failed
  4363 |   }
  4364 |   .\[\&\:\:-webkit-\.\.\.\]\:appearance-none {
> 4365 |     &::-webkit-... {
       |                 ^
  4366 |       appearance: none;
  4367 |     }
  4368 |   }

Expected identifier in class selector, got Delim('.')

Generated code of PostCSS transform of file content of app/globals.css:
./app/globals.css:4365:17
  4363 |   }
  4364 |   .\[\&\:\:-webkit-\.\.\.\]\:appearance-none {
> 4365 |     &::-webkit-... {
       |                 ^
  4366 |       appearance: none;
  4367 |     }
  4368 |   }

Import trace:
  Client Component Browser:
    ./app/globals.css [Client Component Browser]
    ./app/layout.tsx [Server Component] @ http://localhost:3456/_next/static/chunks/0z~i_next_dist_0jtfmts._.js:1945
[    4159ms] [LOG] [Fast Refresh] rebuilding @ http://localhost:3456/_next/static/chunks/0z~i_next_dist_0jtfmts._.js:1226
[    4167ms] [ERROR] ./app/globals.css:4365:17
Parsing CSS source code failed
  4363 |   }
  4364 |   .\[\&\:\:-webkit-\.\.\.\]\:appearance-none {
> 4365 |     &::-webkit-... {
       |                 ^
  4366 |       appearance: none;
  4367 |     }
  4368 |   }

Expected identifier in class selector, got Delim('.')

Generated code of PostCSS transform of file content of app/globals.css:
./app/globals.css:4365:17
  4363 |   }
  4364 |   .\[\&\:\:-webkit-\.\.\.\]\:appearance-none {
> 4365 |     &::-webkit-... {
       |                 ^
  4366 |       appearance: none;
  4367 |     }
  4368 |   }

Import trace:
  Client Component Browser:
    ./app/globals.css [Client Component Browser]
    ./app/layout.tsx [Server Component] @ http://localhost:3456/_next/static/chunks/0z~i_next_dist_0jtfmts._.js:1945
[    7116ms] [ERROR] ./app/globals.css:4365:17
Parsing CSS source code failed
  4363 |   }
  4364 |   .\[\&\:\:-webkit-\.\.\.\]\:appearance-none {
> 4365 |     &::-webkit-... {
       |                 ^
  4366 |       appearance: none;
  4367 |     }
  4368 |   }

Expected identifier in class selector, got Delim('.')

Generated code of PostCSS transform of file content of app/globals.css:
./app/globals.css:4365:17
  4363 |   }
  4364 |   .\[\&\:\:-webkit-\.\.\.\]\:appearance-none {
> 4365 |     &::-webkit-... {
       |                 ^
  4366 |       appearance: none;
  4367 |     }
  4368 |   }

Import trace:
  Client Component Browser:
    ./app/globals.css [Client Component Browser]
    ./app/layout.tsx [Server Component] @ http://localhost:3456/_next/static/chunks/0z~i_next_dist_0jtfmts._.js:1945
[    7139ms] [LOG] [Fast Refresh] rebuilding @ http://localhost:3456/_next/static/chunks/0z~i_next_dist_0jtfmts._.js:1226
[   32089ms] [ERROR] WebSocket connection to 'ws://localhost:3456/_next/webpack-hmr' failed: Error in connection establishment: net::ERR_CONNECTION_REFUSED @ http://localhost:3456/_next/static/chunks/0z~i_next_dist_client_0-e56~_._.js:2343
[   33093ms] [ERROR] WebSocket connection to 'ws://localhost:3456/_next/webpack-hmr' failed: Error in connection establishment: net::ERR_CONNECTION_REFUSED @ http://localhost:3456/_next/static/chunks/0z~i_next_dist_client_0-e56~_._.js:2343
[   34095ms] [ERROR] WebSocket connection to 'ws://localhost:3456/_next/webpack-hmr' failed: Error in connection establishment: net::ERR_CONNECTION_REFUSED @ http://localhost:3456/_next/static/chunks/0z~i_next_dist_client_0-e56~_._.js:2343
[   35096ms] [ERROR] WebSocket connection to 'ws://localhost:3456/_next/webpack-hmr' failed: Error in connection establishment: net::ERR_CONNECTION_REFUSED @ http://localhost:3456/_next/static/chunks/0z~i_next_dist_client_0-e56~_._.js:2343
[   36098ms] [ERROR] WebSocket connection to 'ws://localhost:3456/_next/webpack-hmr' failed: Error in connection establishment: net::ERR_CONNECTION_REFUSED @ http://localhost:3456/_next/static/chunks/0z~i_next_dist_client_0-e56~_._.js:2343
[   41099ms] [ERROR] WebSocket connection to 'ws://localhost:3456/_next/webpack-hmr' failed: Error in connection establishment: net::ERR_CONNECTION_REFUSED @ http://localhost:3456/_next/static/chunks/0z~i_next_dist_client_0-e56~_._.js:2343
[   46109ms] [ERROR] WebSocket connection to 'ws://localhost:3456/_next/webpack-hmr' failed: Error in connection establishment: net::ERR_CONNECTION_REFUSED @ http://localhost:3456/_next/static/chunks/0z~i_next_dist_client_0-e56~_._.js:2343
[   51111ms] [ERROR] WebSocket connection to 'ws://localhost:3456/_next/webpack-hmr' failed: Error in connection establishment: net::ERR_CONNECTION_REFUSED @ http://localhost:3456/_next/static/chunks/0z~i_next_dist_client_0-e56~_._.js:2343
[   56116ms] [LOG] [HMR] connected @ http://localhost:3456/_next/static/chunks/0z~i_next_dist_0jtfmts._.js:1226
[   60538ms] [ERROR] Failed to load resource: the server responded with a status of 500 (Internal Server Error) @ http://localhost:3456/calculator:0
[   60620ms] [INFO] %cDownload the React DevTools for a better development experience: https://react.dev/link/react-devtools font-weight:bold @ http://localhost:3456/_next/static/chunks/0p2h_react-dom_0vsf22y._.js:15305
[   60632ms] Error: ./app/globals.css:4365:17
Parsing CSS source code failed
  4363 |   }
  4364 |   .\[\&\:\:-webkit-\.\.\.\]\:appearance-none {
> 4365 |     &::-webkit-... {
       |                 ^
  4366 |       appearance: none;
  4367 |     }
  4368 |   }

Expected identifier in class selector, got Delim('.')

Generated code of PostCSS transform of file content of app/globals.css:
./app/globals.css:4365:17
  4363 |   }
  4364 |   .\[\&\:\:-webkit-\.\.\.\]\:appearance-none {
> 4365 |     &::-webkit-... {
       |                 ^
  4366 |       appearance: none;
  4367 |     }
  4368 |   }

Import trace:
  Client Component Browser:
    ./app/globals.css [Client Component Browser]
    ./app/layout.tsx [Server Component]


    at <unknown> (Error: ./app/globals.css:4365:17)
    at <unknown> (./app/globals.css:4365:17)
    at Object.getCompilationErrors (file:///home/kurtquejada/Documents/PageSentinel/landing_page/node_modules/.pnpm/next@16.2.6_@babel+core@7.29.0_react-dom@19.2.4_react@19.2.4__react@19.2.4/node_modules/next/dist/server/dev/hot-reloader-turbopack.js:1186:59)
    at DevBundlerService.getCompilationError (file:///home/kurtquejada/Documents/PageSentinel/landing_page/node_modules/.pnpm/next@16.2.6_@babel+core@7.29.0_react-dom@19.2.4_react@19.2.4__react@19.2.4/node_modules/next/dist/server/lib/dev-bundler-service.js:44:55)
    at DevServer.getCompilationError (file:///home/kurtquejada/Documents/PageSentinel/landing_page/node_modules/.pnpm/next@16.2.6_@babel+core@7.29.0_react-dom@19.2.4_react@19.2.4__react@19.2.4/node_modules/next/dist/server/dev/next-dev-server.js:720:42)
    at DevServer.findPageComponents (file:///home/kurtquejada/Documents/PageSentinel/landing_page/node_modules/.pnpm/next@16.2.6_@babel+core@7.29.0_react-dom@19.2.4_react@19.2.4__react@19.2.4/node_modules/next/dist/server/dev/next-dev-server.js:690:43)
    at async DevServer.renderErrorToResponseImpl (file:///home/kurtquejada/Documents/PageSentinel/landing_page/node_modules/.pnpm/next@16.2.6_@babel+core@7.29.0_react-dom@19.2.4_react@19.2.4__react@19.2.4/node_modules/next/dist/server/base-server.js:1753:26)
[   60633ms] [LOG] [HMR] connected @ http://localhost:3456/_next/static/chunks/0z~i_next_dist_0jtfmts._.js:1226
[   60636ms] [ERROR] ./app/globals.css:4365:17
Parsing CSS source code failed
  4363 |   }
  4364 |   .\[\&\:\:-webkit-\.\.\.\]\:appearance-none {
> 4365 |     &::-webkit-... {
       |                 ^
  4366 |       appearance: none;
  4367 |     }
  4368 |   }

Expected identifier in class selector, got Delim('.')

Generated code of PostCSS transform of file content of app/globals.css:
./app/globals.css:4365:17
  4363 |   }
  4364 |   .\[\&\:\:-webkit-\.\.\.\]\:appearance-none {
> 4365 |     &::-webkit-... {
       |                 ^
  4366 |       appearance: none;
  4367 |     }
  4368 |   }

Import trace:
  Client Component Browser:
    ./app/globals.css [Client Component Browser]
    ./app/layout.tsx [Server Component] @ http://localhost:3456/_next/static/chunks/0z~i_next_dist_0jtfmts._.js:1945
[   60704ms] [ERROR] ./app/globals.css:4365:17
Parsing CSS source code failed
  4363 |   }
  4364 |   .\[\&\:\:-webkit-\.\.\.\]\:appearance-none {
> 4365 |     &::-webkit-... {
       |                 ^
  4366 |       appearance: none;
  4367 |     }
  4368 |   }

Expected identifier in class selector, got Delim('.')

Generated code of PostCSS transform of file content of app/globals.css:
./app/globals.css:4365:17
  4363 |   }
  4364 |   .\[\&\:\:-webkit-\.\.\.\]\:appearance-none {
> 4365 |     &::-webkit-... {
       |                 ^
  4366 |       appearance: none;
  4367 |     }
  4368 |   }

Import trace:
  Client Component Browser:
    ./app/globals.css [Client Component Browser]
    ./app/layout.tsx [Server Component] @ http://localhost:3456/_next/static/chunks/0z~i_next_dist_0jtfmts._.js:1945
[   60764ms] [LOG] [Fast Refresh] rebuilding @ http://localhost:3456/_next/static/chunks/0z~i_next_dist_0jtfmts._.js:1226
